<testsuites>
	<testsuite name="AllTests" tests="9">
		<testcase classname="AllTests" name="testConstructor"/>
		<testcase classname="AllTests" name="testInsertHead_1Element">
			<failure message="Test.cpp:66 testInsertHead_1Element: expectedCheck == actualCheck expected:	1	but was:	0	">
testInsertHead_1Element: expectedCheck == actualCheck expected:	1	but was:	0	
			</failure>
		</testcase>
		<testcase classname="AllTests" name="testInsertHead_5Element">
			<failure message="Test.cpp:115 testInsertHead_5Element: expectedCheck == actualCheck expected:	1	but was:	0	">
testInsertHead_5Element: expectedCheck == actualCheck expected:	1	but was:	0	
			</failure>
		</testcase>
		<testcase classname="AllTests" name="testInsertTail_1Element">
			<failure message="Test.cpp:160 testInsertTail_1Element: expectedCheck == actualCheck expected:	1	but was:	0	">
testInsertTail_1Element: expectedCheck == actualCheck expected:	1	but was:	0	
			</failure>
		</testcase>
		<testcase classname="AllTests" name="testInsertTail_5Element">
			<failure message="Test.cpp:208 testInsertTail_5Element: expectedCheck == actualCheck expected:	1	but was:	0	">
testInsertTail_5Element: expectedCheck == actualCheck expected:	1	but was:	0	
			</failure>
		</testcase>
		<testcase classname="AllTests" name="testRemoveHead_1Element"/>
		<testcase classname="AllTests" name="testRemoveHead_5Element">
			<failure message="Test.cpp:268 testRemoveHead_5Element: expectedSize == actualSize expected:	4	but was:	5	">
testRemoveHead_5Element: expectedSize == actualSize expected:	4	but was:	5	
			</failure>
		</testcase>
		<testcase classname="AllTests" name="testRemoveTail_1Element">
			<failure message="Test.cpp:307 testRemoveTail_1Element: expectedSize == actualSize expected:	0	but was:	1	">
testRemoveTail_1Element: expectedSize == actualSize expected:	0	but was:	1	
			</failure>
		</testcase>
		<testcase classname="AllTests" name="testRemoveTail_5Element">
			<failure message="Test.cpp:333 testRemoveTail_5Element: expectedSize == actualSize expected:	4	but was:	5	">
testRemoveTail_5Element: expectedSize == actualSize expected:	4	but was:	5	
			</failure>
		</testcase>
	</testsuite>
</testsuites>
